2021-09-28 21:55:23,087 INFO # Initial background values set by guesses using numax=59.333183743645144.
2021-09-28 21:55:23,090 INFO # Sampling with the PDS binned with 300 bins.
2021-09-28 21:55:23,090 INFO # Sampler started (for warmup).
2021-09-28 21:55:23,090 INFO # Sampling 1000 iterations as warmup.
2021-09-28 21:55:23,090 INFO  niter,niterC, slope,nchains,  Rhat,  mESS
2021-09-28 21:55:25,765 INFO 000000,000000,   inf,0000500,   inf,000000
2021-09-28 21:55:28,325 INFO 000500,000500,   inf,0001000,   inf,000000
2021-09-28 21:55:28,325 INFO # Sampling for a minimum of 2000 iterations.
2021-09-28 21:55:30,932 INFO 001500,000500,   inf,0000050,   inf,000000
2021-09-28 21:55:33,516 INFO 002000,001000,   inf,0000050,   inf,000000
2021-09-28 21:55:35,803 INFO 002500,001500,   inf,0000050,   inf,000000
2021-09-28 21:55:38,142 INFO 003000,002000,   inf,0000050,   inf,000000
2021-09-28 21:55:38,142 INFO # Sampling until reaching convergence, sufficient mixing and sample size.
2021-09-28 21:55:46,077 INFO 003500,002000,1.35266,0002500,994.08899,000000
2021-09-28 21:55:53,863 INFO 004000,002000,1.19835,0002500,234.94838,000000
2021-09-28 21:56:02,042 INFO 004500,002000,1.40776,0002500,298.77200,000000
2021-09-28 21:56:10,347 INFO 005000,002000,1.18951,0002500,87.10495,000000
2021-09-28 21:56:19,506 INFO 005500,002000,1.04492,0002500,2.42320,000000
2021-09-28 21:56:27,806 INFO 006000,002500,1.02118,0002500,0.99771,003527
2021-09-28 21:56:27,809 INFO # Updating background parameter estimations.
